<?xml version="1.0" encoding="UTF-8"?>
<testng-results ignored="0" total="0" passed="0" failed="0" skipped="0">
  <reporter-output>
  </reporter-output>
  <suite started-at="2019-09-08T01:01:49Z" name="stepDefinitions.Test1" finished-at="2019-09-08T01:01:49Z" duration-ms="3">
    <groups>
    </groups>
    <test started-at="2019-09-08T01:01:49Z" name="Command line test" finished-at="2019-09-08T01:01:49Z" duration-ms="3">
    </test> <!-- Command line test -->
  </suite> <!-- stepDefinitions.Test1 -->
</testng-results>
